  Moc'ing addpassengerdlg.h...
  Moc'ing addstationdlg.h...
  Moc'ing addtraindlg.h...
  Moc'ing admindlg.h...
  Moc'ing bookdlg.h...
  Moc'ing inquire.h...
  Moc'ing logindlg.h...
  Moc'ing mainwindow.h...
  Moc'ing modifypassengerdlg.h...
  Moc'ing modifystationdlg.h...
  Moc'ing modifytraindlg.h...
  Moc'ing register.h...
  Moc'ing stationdlg.h...
  Uic'ing addpassengerdlg.ui...
  Uic'ing addstationdlg.ui...
  Uic'ing addtraindlg.ui...
  Uic'ing admindlg.ui...
  Uic'ing bookdlg.ui...
  Uic'ing inquire.ui...
  Uic'ing logindlg.ui...
  Uic'ing mainwindow.ui...
  Uic'ing modifypassengerdlg.ui...
  Uic'ing modifystationdlg.ui...
  Uic'ing modifytraindlg.ui...
  Uic'ing register.ui...
  Uic'ing stationdlg.ui...
  addpassengerdlg.cpp
  addstationdlg.cpp
  addtraindlg.cpp
  admindlg.cpp
  bookdlg.cpp
  inquire.cpp
  logindlg.cpp
  main.cpp
  mainwindow.cpp
  modifypassengerdlg.cpp
  modifystationdlg.cpp
  modifytraindlg.cpp
  register.cpp
  moc_addpassengerdlg.cpp
  moc_addstationdlg.cpp
  moc_addtraindlg.cpp
  moc_admindlg.cpp
  moc_bookdlg.cpp
  moc_inquire.cpp
  moc_logindlg.cpp
  正在生成代码...
  正在编译...
  moc_mainwindow.cpp
  moc_modifypassengerdlg.cpp
  moc_modifystationdlg.cpp
  moc_modifytraindlg.cpp
  moc_register.cpp
  moc_stationdlg.cpp
  stationdlg.cpp
  正在生成代码...
  trainticket.vcxproj -> D:\Programme\Qt Project\trainticket\release\trainticket.exe
