  Moc'ing addpassengerdlg.h...
  Moc'ing addstationdlg.h...
  Moc'ing addtraindlg.h...
  Moc'ing admindlg.h...
  Moc'ing bookdlg.h...
  Moc'ing inquire.h...
  Moc'ing logindlg.h...
  Moc'ing mainwindow.h...
  Moc'ing modifystationdlg.h...
  Moc'ing register.h...
  Moc'ing stationdlg.h...
  Uic'ing addpassengerdlg.ui...
  Uic'ing addstationdlg.ui...
  Uic'ing addtraindlg.ui...
  Uic'ing admindlg.ui...
  Uic'ing bookdlg.ui...
  Uic'ing inquire.ui...
  Uic'ing logindlg.ui...
  Uic'ing mainwindow.ui...
  Uic'ing modifystationdlg.ui...
  Uic'ing register.ui...
  Uic'ing stationdlg.ui...
  addpassengerdlg.cpp
  addstationdlg.cpp
  addtraindlg.cpp
  admindlg.cpp
  bookdlg.cpp
  moc_addpassengerdlg.cpp
  moc_addstationdlg.cpp
  moc_addtraindlg.cpp
  moc_admindlg.cpp
  moc_bookdlg.cpp
  moc_inquire.cpp
  moc_logindlg.cpp
  moc_mainwindow.cpp
  moc_modifystationdlg.cpp
  moc_register.cpp
  moc_stationdlg.cpp
  inquire.cpp
  logindlg.cpp
  main.cpp
  mainwindow.cpp
  正在生成代码...
  正在编译...
  modifystationdlg.cpp
  register.cpp
  stationdlg.cpp
  正在生成代码...
d:\programme\qt project\trainticket\modifystationdlg.cpp(114): warning C4715: “ModifyStationDlg::trans”: 不是所有的控件路径都返回值
  trainticket.vcxproj -> D:\Programme\Qt Project\trainticket\debug\trainticket.exe
